<?xml version="1.0" encoding="UTF-8"?>
<!-- Generated by org.testng.reporters.JUnitReportReporter -->
<testsuite skipped="0" hostname="Vimal-Verma" name="TestNGConcept.Parameters" tests="2" failures="0" timestamp="02 May 2018 08:20:45 GMT" time="0.020" errors="0">
  <testcase name="TestOne" time="0.020" classname="TestNGConcept.Parameters"/>
  <testcase name="TestTwo" time="0.000" classname="TestNGConcept.Parameters"/>
</testsuite> <!-- TestNGConcept.Parameters -->
