<?xml version="1.0" encoding="UTF-8"?>
<!-- Generated by org.testng.reporters.JUnitReportReporter -->
<testsuite skipped="0" hostname="Vimal-Verma" name="seleniumeasy.PractiseTest" tests="1" failures="0" timestamp="03 May 2018 09:02:46 GMT" time="4.459" errors="0">
  <testcase name="TestTwo" time="4.459" classname="seleniumeasy.PractiseTest"/>
</testsuite> <!-- seleniumeasy.PractiseTest -->
