<?xml version="1.0" encoding="UTF-8"?>
<!-- Generated by org.testng.reporters.JUnitReportReporter -->
<testsuite skipped="0" hostname="Vimal-Verma" name="TestNGConcept.DataProvider" tests="3" failures="0" timestamp="02 May 2018 08:12:16 GMT" time="0.016" errors="0">
  <testcase name="setData" time="0.012" classname="TestNGConcept.DataProvider"/>
  <testcase name="setData" time="0.002" classname="TestNGConcept.DataProvider"/>
  <testcase name="setData" time="0.002" classname="TestNGConcept.DataProvider"/>
</testsuite> <!-- TestNGConcept.DataProvider -->
